Netgen 1.5.221 compiled on Thu 19 May 2022 10:11:42 PM EDT
Warning: netgen command 'format' use fully-qualified name '::netgen::format'
Warning: netgen command 'global' use fully-qualified name '::netgen::global'
Generating JSON file result
Reading netlist file ./spi/lvs/hp35_core.spice
Reading netlist file ./verilog/gl/hp35_core.v
Warning:  A case-insensitive file has been read and so the	verilog file must be treated case-insensitive to match.
Creating placeholder cell definition for module sky130_fd_sc_hd__diode_2.
Creating placeholder cell definition for module sky130_fd_sc_hd__fill_1.
Creating placeholder cell definition for module sky130_fd_sc_hd__decap_8.
Creating placeholder cell definition for module sky130_fd_sc_hd__decap_3.
Creating placeholder cell definition for module sky130_fd_sc_hd__decap_12.
Creating placeholder cell definition for module sky130_fd_sc_hd__decap_6.
Creating placeholder cell definition for module sky130_fd_sc_hd__fill_2.
Creating placeholder cell definition for module sky130_fd_sc_hd__decap_4.
Creating placeholder cell definition for module sky130_fd_sc_hd__tapvpwrvgnd_1.
Creating placeholder cell definition for module sky130_fd_sc_hd__inv_2.
Creating placeholder cell definition for module sky130_fd_sc_hd__or2_4.
Creating placeholder cell definition for module sky130_fd_sc_hd__o21ai_4.
Creating placeholder cell definition for module sky130_fd_sc_hd__buf_12.
Creating placeholder cell definition for module sky130_fd_sc_hd__inv_4.
Creating placeholder cell definition for module sky130_fd_sc_hd__nand2_8.
Creating placeholder cell definition for module sky130_fd_sc_hd__buf_8.
Creating placeholder cell definition for module sky130_fd_sc_hd__clkbuf_4.
Creating placeholder cell definition for module sky130_fd_sc_hd__and2b_2.
Creating placeholder cell definition for module sky130_fd_sc_hd__clkbuf_2.
Creating placeholder cell definition for module sky130_fd_sc_hd__nand2_1.
Creating placeholder cell definition for module sky130_fd_sc_hd__nor2_1.
Creating placeholder cell definition for module sky130_fd_sc_hd__and3_1.
Creating placeholder cell definition for module sky130_fd_sc_hd__clkbuf_1.
Creating placeholder cell definition for module sky130_fd_sc_hd__buf_2.
Creating placeholder cell definition for module sky130_fd_sc_hd__nor3_1.
Creating placeholder cell definition for module sky130_fd_sc_hd__and4b_1.
Creating placeholder cell definition for module sky130_fd_sc_hd__buf_4.
Creating placeholder cell definition for module sky130_fd_sc_hd__and2b_1.
Creating placeholder cell definition for module sky130_fd_sc_hd__and4_1.
Creating placeholder cell definition for module sky130_fd_sc_hd__or4b_1.
Creating placeholder cell definition for module sky130_fd_sc_hd__nor3b_1.
Creating placeholder cell definition for module sky130_fd_sc_hd__and3b_1.
Creating placeholder cell definition for module sky130_fd_sc_hd__nor2_4.
Creating placeholder cell definition for module sky130_fd_sc_hd__and4bb_1.
Creating placeholder cell definition for module sky130_fd_sc_hd__and2_1.
Creating placeholder cell definition for module sky130_fd_sc_hd__buf_6.
Creating placeholder cell definition for module sky130_fd_sc_hd__and2_2.
Creating placeholder cell definition for module sky130_fd_sc_hd__nor2_2.
Creating placeholder cell definition for module sky130_fd_sc_hd__nand2_2.
Creating placeholder cell definition for module sky130_fd_sc_hd__nor4b_2.
Creating placeholder cell definition for module sky130_fd_sc_hd__nor4b_4.
Creating placeholder cell definition for module sky130_fd_sc_hd__or3_1.
Creating placeholder cell definition for module sky130_fd_sc_hd__o211a_1.
Creating placeholder cell definition for module sky130_fd_sc_hd__o21ai_2.
Creating placeholder cell definition for module sky130_fd_sc_hd__nand4_4.
Creating placeholder cell definition for module sky130_fd_sc_hd__clkinv_16.
Creating placeholder cell definition for module sky130_fd_sc_hd__nand3_4.
Creating placeholder cell definition for module sky130_fd_sc_hd__o2bb2ai_4.
Creating placeholder cell definition for module sky130_fd_sc_hd__a21boi_1.
Creating placeholder cell definition for module sky130_fd_sc_hd__a32oi_4.
Creating placeholder cell definition for module sky130_fd_sc_hd__nand3b_1.
Creating placeholder cell definition for module sky130_fd_sc_hd__nand3_2.
Creating placeholder cell definition for module sky130_fd_sc_hd__a21oi_4.
Creating placeholder cell definition for module sky130_fd_sc_hd__o22ai_4.
Creating placeholder cell definition for module sky130_fd_sc_hd__nand4b_4.
Creating placeholder cell definition for module sky130_fd_sc_hd__or2b_4.
Creating placeholder cell definition for module sky130_fd_sc_hd__or2b_1.
Creating placeholder cell definition for module sky130_fd_sc_hd__o2111ai_2.
Creating placeholder cell definition for module sky130_fd_sc_hd__o211ai_4.
Creating placeholder cell definition for module sky130_fd_sc_hd__clkinv_2.
Creating placeholder cell definition for module sky130_fd_sc_hd__nand3b_4.
Creating placeholder cell definition for module sky130_fd_sc_hd__o22a_1.
Creating placeholder cell definition for module sky130_fd_sc_hd__or2b_2.
Creating placeholder cell definition for module sky130_fd_sc_hd__nor3b_2.
Creating placeholder cell definition for module sky130_fd_sc_hd__a21oi_2.
Creating placeholder cell definition for module sky130_fd_sc_hd__clkbuf_8.
Creating placeholder cell definition for module sky130_fd_sc_hd__nand4_2.
Creating placeholder cell definition for module sky130_fd_sc_hd__and4_2.
Creating placeholder cell definition for module sky130_fd_sc_hd__o22ai_2.
Creating placeholder cell definition for module sky130_fd_sc_hd__a22oi_4.
Creating placeholder cell definition for module sky130_fd_sc_hd__o21ai_1.
Creating placeholder cell definition for module sky130_fd_sc_hd__o31ai_4.
Creating placeholder cell definition for module sky130_fd_sc_hd__nand2b_4.
Creating placeholder cell definition for module sky130_fd_sc_hd__o21bai_4.
Creating placeholder cell definition for module sky130_fd_sc_hd__o21a_1.
Creating placeholder cell definition for module sky130_fd_sc_hd__a31oi_4.
Creating placeholder cell definition for module sky130_fd_sc_hd__a21o_2.
Creating placeholder cell definition for module sky130_fd_sc_hd__a31oi_2.
Creating placeholder cell definition for module sky130_fd_sc_hd__o2111ai_4.
Creating placeholder cell definition for module sky130_fd_sc_hd__o211a_2.
Creating placeholder cell definition for module sky130_fd_sc_hd__o221ai_4.
Creating placeholder cell definition for module sky130_fd_sc_hd__a311oi_4.
Creating placeholder cell definition for module sky130_fd_sc_hd__o31a_1.
Creating placeholder cell definition for module sky130_fd_sc_hd__o21a_2.
Creating placeholder cell definition for module sky130_fd_sc_hd__a21o_1.
Creating placeholder cell definition for module sky130_fd_sc_hd__a31o_4.
Creating placeholder cell definition for module sky130_fd_sc_hd__nor4_4.
Creating placeholder cell definition for module sky130_fd_sc_hd__nor3_2.
Creating placeholder cell definition for module sky130_fd_sc_hd__nand2_4.
Creating placeholder cell definition for module sky130_fd_sc_hd__nor2_8.
Creating placeholder cell definition for module sky130_fd_sc_hd__and4_4.
Creating placeholder cell definition for module sky130_fd_sc_hd__nor4_2.
Creating placeholder cell definition for module sky130_fd_sc_hd__nor3_4.
Creating placeholder cell definition for module sky130_fd_sc_hd__nand4b_2.
Creating placeholder cell definition for module sky130_fd_sc_hd__mux2_1.
Creating placeholder cell definition for module sky130_fd_sc_hd__and3_4.
Creating placeholder cell definition for module sky130_fd_sc_hd__nor4_1.
Creating placeholder cell definition for module sky130_fd_sc_hd__and4b_4.
Creating placeholder cell definition for module sky130_fd_sc_hd__or2_2.
Creating placeholder cell definition for module sky130_fd_sc_hd__clkinv_4.
Creating placeholder cell definition for module sky130_fd_sc_hd__or4_1.
Creating placeholder cell definition for module sky130_fd_sc_hd__and4bb_2.
Creating placeholder cell definition for module sky130_fd_sc_hd__and2_4.
Creating placeholder cell definition for module sky130_fd_sc_hd__a31o_2.
Creating placeholder cell definition for module sky130_fd_sc_hd__a31o_1.
Creating placeholder cell definition for module sky130_fd_sc_hd__nand3_1.
Creating placeholder cell definition for module sky130_fd_sc_hd__a32o_1.
Creating placeholder cell definition for module sky130_fd_sc_hd__o2bb2a_1.
Creating placeholder cell definition for module sky130_fd_sc_hd__o31ai_1.
Creating placeholder cell definition for module sky130_fd_sc_hd__a22o_1.
Creating placeholder cell definition for module sky130_fd_sc_hd__o211ai_1.
Creating placeholder cell definition for module sky130_fd_sc_hd__a22oi_1.
Creating placeholder cell definition for module sky130_fd_sc_hd__a211oi_2.
Creating placeholder cell definition for module sky130_fd_sc_hd__and3_2.
Creating placeholder cell definition for module sky130_fd_sc_hd__or2_1.
Creating placeholder cell definition for module sky130_fd_sc_hd__and4bb_4.
Creating placeholder cell definition for module sky130_fd_sc_hd__a41o_1.
Creating placeholder cell definition for module sky130_fd_sc_hd__a211o_4.
Creating placeholder cell definition for module sky130_fd_sc_hd__a21boi_4.
Creating placeholder cell definition for module sky130_fd_sc_hd__mux2_4.
Creating placeholder cell definition for module sky130_fd_sc_hd__or3b_1.
Creating placeholder cell definition for module sky130_fd_sc_hd__a211o_1.
Creating placeholder cell definition for module sky130_fd_sc_hd__xnor2_1.
Creating placeholder cell definition for module sky130_fd_sc_hd__or4_4.
Creating placeholder cell definition for module sky130_fd_sc_hd__or3_2.
Creating placeholder cell definition for module sky130_fd_sc_hd__clkbuf_16.
Creating placeholder cell definition for module sky130_fd_sc_hd__and4b_2.
Creating placeholder cell definition for module sky130_fd_sc_hd__or3b_2.
Creating placeholder cell definition for module sky130_fd_sc_hd__or4b_4.
Creating placeholder cell definition for module sky130_fd_sc_hd__a21oi_1.
Creating placeholder cell definition for module sky130_fd_sc_hd__a41o_2.
Creating placeholder cell definition for module sky130_fd_sc_hd__or4_2.
Creating placeholder cell definition for module sky130_fd_sc_hd__or4b_2.
Creating placeholder cell definition for module sky130_fd_sc_hd__nand4_1.
Creating placeholder cell definition for module sky130_fd_sc_hd__a2bb2o_1.
Creating placeholder cell definition for module sky130_fd_sc_hd__or4bb_1.
Creating placeholder cell definition for module sky130_fd_sc_hd__xor2_4.
Creating placeholder cell definition for module sky130_fd_sc_hd__o21bai_1.
Creating placeholder cell definition for module sky130_fd_sc_hd__a221o_1.
Creating placeholder cell definition for module sky130_fd_sc_hd__o22ai_1.
Creating placeholder cell definition for module sky130_fd_sc_hd__xor2_1.
Creating placeholder cell definition for module sky130_fd_sc_hd__a311o_2.
Creating placeholder cell definition for module sky130_fd_sc_hd__inv_12.
Creating placeholder cell definition for module sky130_fd_sc_hd__and3b_2.
Creating placeholder cell definition for module sky130_fd_sc_hd__o2111a_1.
Creating placeholder cell definition for module sky130_fd_sc_hd__o21ba_1.
Creating placeholder cell definition for module sky130_fd_sc_hd__dlymetal6s2s_1.
Creating placeholder cell definition for module sky130_fd_sc_hd__o221a_4.
Creating placeholder cell definition for module sky130_fd_sc_hd__o2bb2ai_2.
Creating placeholder cell definition for module sky130_fd_sc_hd__o2111ai_1.
Creating placeholder cell definition for module sky130_fd_sc_hd__a311o_1.
Creating placeholder cell definition for module sky130_fd_sc_hd__a211oi_1.
Creating placeholder cell definition for module sky130_fd_sc_hd__a22o_4.
Creating placeholder cell definition for module sky130_fd_sc_hd__nor4b_1.
Creating placeholder cell definition for module sky130_fd_sc_hd__mux2_2.
Creating placeholder cell definition for module sky130_fd_sc_hd__a32o_2.
Creating placeholder cell definition for module sky130_fd_sc_hd__o211ai_2.
Creating placeholder cell definition for module sky130_fd_sc_hd__a21bo_1.
Creating placeholder cell definition for module sky130_fd_sc_hd__a311oi_1.
Creating placeholder cell definition for module sky130_fd_sc_hd__a211o_2.
Creating placeholder cell definition for module sky130_fd_sc_hd__o221a_1.
Creating placeholder cell definition for module sky130_fd_sc_hd__a221oi_1.
Creating placeholder cell definition for module sky130_fd_sc_hd__dfrtp_1.
Creating placeholder cell definition for module sky130_fd_sc_hd__dfxtp_1.
Creating placeholder cell definition for module sky130_fd_sc_hd__dfxtp_2.
Creating placeholder cell definition for module sky130_fd_sc_hd__dfxtp_4.
Creating placeholder cell definition for module sky130_fd_sc_hd__dfrtp_4.
Creating placeholder cell definition for module sky130_fd_sc_hd__dfrtp_2.
Creating placeholder cell definition for module sky130_fd_sc_hd__dfstp_2.
Creating placeholder cell definition for module sky130_fd_sc_hd__clkdlybuf4s25_1.
Creating placeholder cell definition for module sky130_fd_sc_hd__clkdlybuf4s50_1.
Reading setup file /home/andylithia/openmpw/pdk_1/sky130A/libs.tech/netgen/sky130A_setup.tcl
Comparison output logged to file ./verilog/gl/hp35_core.v_comp.out
Logging to file "./verilog/gl/hp35_core.v_comp.out" enabled
Circuit sky130_fd_sc_hd__fill_2 contains no devices.
Circuit sky130_fd_sc_hd__decap_12 contains no devices.
Circuit sky130_fd_sc_hd__fill_1 contains no devices.
Circuit sky130_fd_sc_hd__diode_2 contains no devices.
Circuit sky130_fd_sc_hd__decap_6 contains no devices.
Circuit sky130_fd_sc_hd__buf_2 contains no devices.
Circuit sky130_fd_sc_hd__decap_8 contains no devices.
Circuit sky130_fd_sc_hd__nor2_1 contains no devices.
Circuit sky130_fd_sc_hd__or2_1 contains no devices.
Circuit sky130_fd_sc_hd__mux2_1 contains no devices.
Circuit sky130_fd_sc_hd__buf_6 contains no devices.
Circuit sky130_fd_sc_hd__dfxtp_1 contains no devices.
Circuit sky130_fd_sc_hd__tapvpwrvgnd_1 contains no devices.
Circuit sky130_fd_sc_hd__decap_4 contains no devices.
Circuit sky130_fd_sc_hd__decap_3 contains no devices.
Circuit sky130_fd_sc_hd__inv_2 contains no devices.
Circuit sky130_fd_sc_hd__or4bb_1 contains no devices.
Circuit sky130_fd_sc_hd__nor4_1 contains no devices.
Circuit sky130_fd_sc_hd__a32o_1 contains no devices.
Circuit sky130_fd_sc_hd__clkbuf_1 contains no devices.
Circuit sky130_fd_sc_hd__o211a_1 contains no devices.
Circuit sky130_fd_sc_hd__clkinv_2 contains no devices.
Circuit sky130_fd_sc_hd__and2_1 contains no devices.
Circuit sky130_fd_sc_hd__nor4_4 contains no devices.
Circuit sky130_fd_sc_hd__nor4_2 contains no devices.
Circuit sky130_fd_sc_hd__nor3_1 contains no devices.
Circuit sky130_fd_sc_hd__a211oi_2 contains no devices.
Circuit sky130_fd_sc_hd__or4b_1 contains no devices.
Circuit sky130_fd_sc_hd__and4_2 contains no devices.
Circuit sky130_fd_sc_hd__nand2_1 contains no devices.
Circuit sky130_fd_sc_hd__o21a_1 contains no devices.
Circuit sky130_fd_sc_hd__a31oi_4 contains no devices.
Circuit sky130_fd_sc_hd__dfxtp_2 contains no devices.
Circuit sky130_fd_sc_hd__dfrtp_4 contains no devices.
Circuit sky130_fd_sc_hd__nand4_1 contains no devices.
Circuit sky130_fd_sc_hd__a21o_2 contains no devices.
Circuit sky130_fd_sc_hd__and3_1 contains no devices.
Circuit sky130_fd_sc_hd__a31o_4 contains no devices.
Circuit sky130_fd_sc_hd__and4b_1 contains no devices.
Circuit sky130_fd_sc_hd__or4_1 contains no devices.
Circuit sky130_fd_sc_hd__buf_4 contains no devices.
Circuit sky130_fd_sc_hd__clkinv_4 contains no devices.
Circuit sky130_fd_sc_hd__and4_1 contains no devices.
Circuit sky130_fd_sc_hd__nor4b_4 contains no devices.
Circuit sky130_fd_sc_hd__a221o_1 contains no devices.
Circuit sky130_fd_sc_hd__a31o_1 contains no devices.
Circuit sky130_fd_sc_hd__nand3_1 contains no devices.
Circuit sky130_fd_sc_hd__o21ai_1 contains no devices.
Circuit sky130_fd_sc_hd__clkbuf_4 contains no devices.
Circuit sky130_fd_sc_hd__nand4_4 contains no devices.
Circuit sky130_fd_sc_hd__o211ai_4 contains no devices.
Circuit sky130_fd_sc_hd__and3_2 contains no devices.
Circuit sky130_fd_sc_hd__a311o_1 contains no devices.
Circuit sky130_fd_sc_hd__clkbuf_2 contains no devices.
Circuit sky130_fd_sc_hd__or4b_4 contains no devices.
Circuit sky130_fd_sc_hd__a2bb2o_1 contains no devices.
Circuit sky130_fd_sc_hd__or4b_2 contains no devices.
Circuit sky130_fd_sc_hd__a21oi_1 contains no devices.
Circuit sky130_fd_sc_hd__o211ai_1 contains no devices.
Circuit sky130_fd_sc_hd__o31a_1 contains no devices.
Circuit sky130_fd_sc_hd__or2b_1 contains no devices.
Circuit sky130_fd_sc_hd__and2b_1 contains no devices.
Circuit sky130_fd_sc_hd__dfxtp_4 contains no devices.
Circuit sky130_fd_sc_hd__clkbuf_8 contains no devices.
Circuit sky130_fd_sc_hd__and2b_2 contains no devices.
Circuit sky130_fd_sc_hd__and3b_1 contains no devices.
Circuit sky130_fd_sc_hd__o31ai_1 contains no devices.
Circuit sky130_fd_sc_hd__a22o_1 contains no devices.
Circuit sky130_fd_sc_hd__and4bb_1 contains no devices.
Circuit sky130_fd_sc_hd__a22oi_1 contains no devices.
Circuit sky130_fd_sc_hd__buf_12 contains no devices.
Circuit sky130_fd_sc_hd__buf_8 contains no devices.
Circuit sky130_fd_sc_hd__nor2_2 contains no devices.
Circuit sky130_fd_sc_hd__or3_1 contains no devices.
Circuit sky130_fd_sc_hd__a211o_1 contains no devices.
Circuit sky130_fd_sc_hd__and3_4 contains no devices.
Circuit sky130_fd_sc_hd__o22ai_4 contains no devices.
Circuit sky130_fd_sc_hd__o21bai_1 contains no devices.
Circuit sky130_fd_sc_hd__nor2_4 contains no devices.
Circuit sky130_fd_sc_hd__clkinv_16 contains no devices.
Circuit sky130_fd_sc_hd__a211o_4 contains no devices.
Circuit sky130_fd_sc_hd__nand3_2 contains no devices.
Circuit sky130_fd_sc_hd__a311o_2 contains no devices.
Circuit sky130_fd_sc_hd__o21a_2 contains no devices.
Circuit sky130_fd_sc_hd__or4_2 contains no devices.
Circuit sky130_fd_sc_hd__a21oi_4 contains no devices.
Circuit sky130_fd_sc_hd__and4_4 contains no devices.
Circuit sky130_fd_sc_hd__and4b_2 contains no devices.
Circuit sky130_fd_sc_hd__nand4_2 contains no devices.
Circuit sky130_fd_sc_hd__o21bai_4 contains no devices.
Circuit sky130_fd_sc_hd__o21ai_4 contains no devices.
Circuit sky130_fd_sc_hd__dfrtp_2 contains no devices.
Circuit sky130_fd_sc_hd__nand3b_4 contains no devices.
Circuit sky130_fd_sc_hd__a41o_2 contains no devices.
Circuit sky130_fd_sc_hd__a32o_2 contains no devices.
Circuit sky130_fd_sc_hd__a211oi_1 contains no devices.
Circuit sky130_fd_sc_hd__nand2_8 contains no devices.
Circuit sky130_fd_sc_hd__and4bb_2 contains no devices.
Circuit sky130_fd_sc_hd__nor2_8 contains no devices.
Circuit sky130_fd_sc_hd__or2b_4 contains no devices.
Circuit sky130_fd_sc_hd__nand4b_4 contains no devices.
Circuit sky130_fd_sc_hd__nand2_2 contains no devices.
Circuit sky130_fd_sc_hd__a311oi_1 contains no devices.
Circuit sky130_fd_sc_hd__o21ai_2 contains no devices.
Circuit sky130_fd_sc_hd__a21oi_2 contains no devices.
Circuit sky130_fd_sc_hd__mux2_2 contains no devices.
Circuit sky130_fd_sc_hd__nand2b_4 contains no devices.
Circuit sky130_fd_sc_hd__a31oi_2 contains no devices.
Circuit sky130_fd_sc_hd__or4_4 contains no devices.
Circuit sky130_fd_sc_hd__and3b_2 contains no devices.
Circuit sky130_fd_sc_hd__a21o_1 contains no devices.
Circuit sky130_fd_sc_hd__nand3b_1 contains no devices.
Circuit sky130_fd_sc_hd__or2_2 contains no devices.
Circuit sky130_fd_sc_hd__xnor2_1 contains no devices.
Circuit sky130_fd_sc_hd__nor4b_1 contains no devices.
Circuit sky130_fd_sc_hd__a31o_2 contains no devices.
Circuit sky130_fd_sc_hd__nor3b_2 contains no devices.
Circuit sky130_fd_sc_hd__and4bb_4 contains no devices.
Circuit sky130_fd_sc_hd__or3b_1 contains no devices.
Circuit sky130_fd_sc_hd__or2b_2 contains no devices.
Circuit sky130_fd_sc_hd__a32oi_4 contains no devices.
Circuit sky130_fd_sc_hd__clkbuf_16 contains no devices.
Circuit sky130_fd_sc_hd__o2bb2ai_4 contains no devices.
Circuit sky130_fd_sc_hd__and2_4 contains no devices.
Circuit sky130_fd_sc_hd__nor4b_2 contains no devices.
Circuit sky130_fd_sc_hd__o2111ai_1 contains no devices.
Circuit sky130_fd_sc_hd__xor2_1 contains no devices.
Circuit sky130_fd_sc_hd__a21boi_1 contains no devices.
Circuit sky130_fd_sc_hd__a41o_1 contains no devices.
Circuit sky130_fd_sc_hd__o22a_1 contains no devices.
Circuit sky130_fd_sc_hd__o211ai_2 contains no devices.
Circuit sky130_fd_sc_hd__a22o_4 contains no devices.
Circuit sky130_fd_sc_hd__nand3_4 contains no devices.
Circuit sky130_fd_sc_hd__nor3_4 contains no devices.
Circuit sky130_fd_sc_hd__nor3_2 contains no devices.
Circuit sky130_fd_sc_hd__dfrtp_1 contains no devices.
Circuit sky130_fd_sc_hd__o211a_2 contains no devices.
Circuit sky130_fd_sc_hd__dlymetal6s2s_1 contains no devices.
Circuit sky130_fd_sc_hd__a311oi_4 contains no devices.
Circuit sky130_fd_sc_hd__a21bo_1 contains no devices.
Circuit sky130_fd_sc_hd__xor2_4 contains no devices.
Circuit sky130_fd_sc_hd__and4b_4 contains no devices.
Circuit sky130_fd_sc_hd__o31ai_4 contains no devices.
Circuit sky130_fd_sc_hd__o2bb2ai_2 contains no devices.
Circuit sky130_fd_sc_hd__a22oi_4 contains no devices.
Circuit sky130_fd_sc_hd__clkdlybuf4s25_1 contains no devices.
Circuit sky130_fd_sc_hd__nand4b_2 contains no devices.
Circuit sky130_fd_sc_hd__o221ai_4 contains no devices.
Circuit sky130_fd_sc_hd__o22ai_2 contains no devices.
Circuit sky130_fd_sc_hd__clkdlybuf4s50_1 contains no devices.
Circuit sky130_fd_sc_hd__or3b_2 contains no devices.
Circuit sky130_fd_sc_hd__a21boi_4 contains no devices.
Circuit sky130_fd_sc_hd__or2_4 contains no devices.
Circuit sky130_fd_sc_hd__o22ai_1 contains no devices.
Circuit sky130_fd_sc_hd__o2111ai_4 contains no devices.
Circuit sky130_fd_sc_hd__dfstp_2 contains no devices.
Circuit sky130_fd_sc_hd__mux2_4 contains no devices.
Circuit sky130_fd_sc_hd__o221a_4 contains no devices.
Circuit sky130_fd_sc_hd__inv_4 contains no devices.
Circuit sky130_fd_sc_hd__o221a_1 contains no devices.
Circuit sky130_fd_sc_hd__or3_2 contains no devices.
Circuit sky130_fd_sc_hd__o2111ai_2 contains no devices.
Circuit sky130_fd_sc_hd__a211o_2 contains no devices.
Circuit sky130_fd_sc_hd__o2bb2a_1 contains no devices.
Circuit sky130_fd_sc_hd__a221oi_1 contains no devices.
Circuit sky130_fd_sc_hd__nand2_4 contains no devices.
Circuit sky130_fd_sc_hd__inv_12 contains no devices.
Circuit sky130_fd_sc_hd__o21ba_1 contains no devices.
Circuit sky130_fd_sc_hd__and2_2 contains no devices.
Circuit sky130_fd_sc_hd__o2111a_1 contains no devices.
Circuit sky130_fd_sc_hd__nor3b_1 contains no devices.

Contents of circuit 1:  Circuit: 'hp35_core'
Circuit hp35_core contains 42840 device instances.
  Class: sky130_fd_sc_hd__o2111ai_1 instances:   2
  Class: sky130_fd_sc_hd__o2111ai_2 instances:   1
  Class: sky130_fd_sc_hd__o2111ai_4 instances:   1
  Class: sky130_fd_sc_hd__a41o_1 instances:   2
  Class: sky130_fd_sc_hd__a41o_2 instances:   2
  Class: sky130_fd_sc_hd__clkdlybuf4s25_1 instances:   3
  Class: sky130_fd_sc_hd__a31o_1 instances:  26
  Class: sky130_fd_sc_hd__a31o_2 instances:   1
  Class: sky130_fd_sc_hd__a31o_4 instances:   2
  Class: sky130_fd_sc_hd__a21o_1 instances:  10
  Class: sky130_fd_sc_hd__a21o_2 instances:   1
  Class: sky130_fd_sc_hd__clkbuf_16 instances:   4
  Class: sky130_fd_sc_hd__dfxtp_1 instances: 584
  Class: sky130_fd_sc_hd__dfxtp_2 instances:  47
  Class: sky130_fd_sc_hd__a32oi_4 instances:   2
  Class: sky130_fd_sc_hd__o31ai_1 instances:   3
  Class: sky130_fd_sc_hd__dfxtp_4 instances:  35
  Class: sky130_fd_sc_hd__o31ai_4 instances:   1
  Class: sky130_fd_sc_hd__or4_1 instances:  31
  Class: sky130_fd_sc_hd__or4_2 instances:   3
  Class: sky130_fd_sc_hd__or4_4 instances:   7
  Class: sky130_fd_sc_hd__a31oi_2 instances:   2
  Class: sky130_fd_sc_hd__nand4_1 instances:   3
  Class: sky130_fd_sc_hd__nand4_2 instances:   5
  Class: sky130_fd_sc_hd__a31oi_4 instances:   3
  Class: sky130_fd_sc_hd__buf_2 instances: 102
  Class: sky130_fd_sc_hd__nand4_4 instances:  14
  Class: sky130_fd_sc_hd__buf_4 instances:  45
  Class: sky130_fd_sc_hd__buf_6 instances:  24
  Class: sky130_fd_sc_hd__buf_8 instances:  16
  Class: sky130_fd_sc_hd__a2bb2o_1 instances:  14
  Class: sky130_fd_sc_hd__and3b_1 instances:   8
  Class: sky130_fd_sc_hd__and3b_2 instances:   1
  Class: sky130_fd_sc_hd__xor2_1 instances:   2
  Class: sky130_fd_sc_hd__xor2_4 instances:   1
  Class: sky130_fd_sc_hd__o221ai_4 instances:   1
  Class: sky130_fd_sc_hd__dfstp_2 instances:   1
  Class: sky130_fd_sc_hd__dfrtp_1 instances:   9
  Class: sky130_fd_sc_hd__dfrtp_2 instances:   4
  Class: sky130_fd_sc_hd__dfrtp_4 instances:  51
  Class: sky130_fd_sc_hd__and4_1 instances:  23
  Class: sky130_fd_sc_hd__and4_2 instances:   7
  Class: sky130_fd_sc_hd__and4_4 instances:   5
  Class: sky130_fd_sc_hd__inv_2 instances:  94
  Class: sky130_fd_sc_hd__inv_4 instances:   1
  Class: sky130_fd_sc_hd__clkbuf_1 instances: 534
  Class: sky130_fd_sc_hd__clkbuf_2 instances:  14
  Class: sky130_fd_sc_hd__clkbuf_4 instances:  36
  Class: sky130_fd_sc_hd__clkbuf_8 instances:   4
  Class: sky130_fd_sc_hd__or3_1 instances:   7
  Class: sky130_fd_sc_hd__or3_2 instances:   3
  Class: sky130_fd_sc_hd__nand3_1 instances:   7
  Class: sky130_fd_sc_hd__nand3_2 instances:   5
  Class: sky130_fd_sc_hd__nand3_4 instances:   5
  Class: sky130_fd_sc_hd__o21ba_1 instances:   1
  Class: sky130_fd_sc_hd__and2b_1 instances:   7
  Class: sky130_fd_sc_hd__and2b_2 instances:   3
  Class: sky130_fd_sc_hd__a21boi_1 instances:   3
  Class: sky130_fd_sc_hd__a21boi_4 instances:   2
  Class: sky130_fd_sc_hd__nand4b_2 instances:   3
  Class: sky130_fd_sc_hd__nand4b_4 instances:   3
  Class: sky130_fd_sc_hd__buf_12 instances:  30
  Class: sky130_fd_sc_hd__a21bo_1 instances:   3
  Class: sky130_fd_sc_hd__a221oi_1 instances:   1
  Class: sky130_fd_sc_hd__clkinv_2 instances:   4
  Class: sky130_fd_sc_hd__clkinv_4 instances:   4
  Class: sky130_fd_sc_hd__and3_1 instances:  55
  Class: sky130_fd_sc_hd__and3_2 instances:   9
  Class: sky130_fd_sc_hd__and3_4 instances:   5
  Class: sky130_fd_sc_hd__clkdlybuf4s50_1 instances:   1
  Class: sky130_fd_sc_hd__decap_3 instances: 1517
  Class: sky130_fd_sc_hd__decap_4 instances: 1071
  Class: sky130_fd_sc_hd__decap_6 instances: 3436
  Class: sky130_fd_sc_hd__decap_8 instances: 1248
  Class: sky130_fd_sc_hd__or2_1 instances: 266
  Class: sky130_fd_sc_hd__or2_2 instances:   3
  Class: sky130_fd_sc_hd__or2_4 instances:   2
  Class: sky130_fd_sc_hd__nand2_1 instances:  40
  Class: sky130_fd_sc_hd__nand2_2 instances:   8
  Class: sky130_fd_sc_hd__nand2_4 instances:   1
  Class: sky130_fd_sc_hd__nor4b_1 instances:   4
  Class: sky130_fd_sc_hd__nor4b_2 instances:   2
  Class: sky130_fd_sc_hd__nand2_8 instances:   2
  Class: sky130_fd_sc_hd__nor4b_4 instances:   2
  Class: sky130_fd_sc_hd__nand3b_1 instances:   4
  Class: sky130_fd_sc_hd__mux2_1 instances: 148
  Class: sky130_fd_sc_hd__mux2_2 instances:   2
  Class: sky130_fd_sc_hd__nand3b_4 instances:   3
  Class: sky130_fd_sc_hd__mux2_4 instances:   1
  Class: sky130_fd_sc_hd__o2bb2ai_2 instances:   1
  Class: sky130_fd_sc_hd__o2bb2ai_4 instances:   3
  Class: sky130_fd_sc_hd__a211oi_1 instances:   7
  Class: sky130_fd_sc_hd__and2_1 instances: 129
  Class: sky130_fd_sc_hd__and2_2 instances:   1
  Class: sky130_fd_sc_hd__a211oi_2 instances:   3
  Class: sky130_fd_sc_hd__and2_4 instances:   1
  Class: sky130_fd_sc_hd__or4b_1 instances:  13
  Class: sky130_fd_sc_hd__or4b_2 instances:   2
  Class: sky130_fd_sc_hd__or4b_4 instances:   3
  Class: sky130_fd_sc_hd__nor4_1 instances:  20
  Class: sky130_fd_sc_hd__nor4_2 instances:   9
  Class: sky130_fd_sc_hd__nor4_4 instances:  23
  Class: sky130_fd_sc_hd__inv_12 instances:   1
  Class: sky130_fd_sc_hd__o22a_1 instances:   9
  Class: sky130_fd_sc_hd__xnor2_1 instances:   2
  Class: sky130_fd_sc_hd__nor3b_1 instances:   2
  Class: sky130_fd_sc_hd__nor3b_2 instances:   1
  Class: sky130_fd_sc_hd__o221a_1 instances:   1
  Class: sky130_fd_sc_hd__o221a_4 instances:   1
  Class: sky130_fd_sc_hd__o21bai_1 instances:   2
  Class: sky130_fd_sc_hd__o21bai_4 instances:   2
  Class: sky130_fd_sc_hd__o211a_1 instances:  25
  Class: sky130_fd_sc_hd__o211a_2 instances:   2
  Class: sky130_fd_sc_hd__nand2b_4 instances:   1
  Class: sky130_fd_sc_hd__a311oi_1 instances:   3
  Class: sky130_fd_sc_hd__diode_2 instances: 2999
  Class: sky130_fd_sc_hd__a311oi_4 instances:   1
  Class: sky130_fd_sc_hd__a221o_1 instances:  12
  Class: sky130_fd_sc_hd__a211o_1 instances:   5
  Class: sky130_fd_sc_hd__a211o_2 instances:   1
  Class: sky130_fd_sc_hd__a211o_4 instances:   3
  Class: sky130_fd_sc_hd__o2111a_1 instances:   1
  Class: sky130_fd_sc_hd__or3b_1 instances:   5
  Class: sky130_fd_sc_hd__or3b_2 instances:   1
  Class: sky130_fd_sc_hd__dlymetal6s2s_1 instances:   6
  Class: sky130_fd_sc_hd__or4bb_1 instances:   5
  Class: sky130_fd_sc_hd__nor3_1 instances:   9
  Class: sky130_fd_sc_hd__nor3_2 instances:   3
  Class: sky130_fd_sc_hd__nor3_4 instances:   6
  Class: sky130_fd_sc_hd__a32o_1 instances:  29
  Class: sky130_fd_sc_hd__a32o_2 instances:   1
  Class: sky130_fd_sc_hd__a22o_1 instances:  16
  Class: sky130_fd_sc_hd__a22o_4 instances:   1
  Class: sky130_fd_sc_hd__o31a_1 instances:   7
  Class: sky130_fd_sc_hd__o2bb2a_1 instances:   2
  Class: sky130_fd_sc_hd__o21a_1 instances:  19
  Class: sky130_fd_sc_hd__o21a_2 instances:   4
  Class: sky130_fd_sc_hd__o22ai_1 instances:   1
  Class: sky130_fd_sc_hd__o22ai_2 instances:   1
  Class: sky130_fd_sc_hd__o22ai_4 instances:   2
  Class: sky130_fd_sc_hd__a22oi_1 instances:   4
  Class: sky130_fd_sc_hd__and4b_1 instances:  29
  Class: sky130_fd_sc_hd__a22oi_4 instances:   1
  Class: sky130_fd_sc_hd__and4b_2 instances:   1
  Class: sky130_fd_sc_hd__o21ai_1 instances:  17
  Class: sky130_fd_sc_hd__o21ai_2 instances:   6
  Class: sky130_fd_sc_hd__tapvpwrvgnd_1 instances: 5415
  Class: sky130_fd_sc_hd__and4b_4 instances:   2
  Class: sky130_fd_sc_hd__o21ai_4 instances:   5
  Class: sky130_fd_sc_hd__a21oi_1 instances:  20
  Class: sky130_fd_sc_hd__a21oi_2 instances:   3
  Class: sky130_fd_sc_hd__a21oi_4 instances:   5
  Class: sky130_fd_sc_hd__a311o_1 instances:   4
  Class: sky130_fd_sc_hd__a311o_2 instances:   1
  Class: sky130_fd_sc_hd__fill_1 instances: 5074
  Class: sky130_fd_sc_hd__fill_2 instances: 715
  Class: sky130_fd_sc_hd__o211ai_1 instances:   3
  Class: sky130_fd_sc_hd__o211ai_2 instances:   1
  Class: sky130_fd_sc_hd__decap_12 instances: 18316
  Class: sky130_fd_sc_hd__o211ai_4 instances:   6
  Class: sky130_fd_sc_hd__clkinv_16 instances:   2
  Class: sky130_fd_sc_hd__or2b_1 instances:   5
  Class: sky130_fd_sc_hd__or2b_2 instances:   1
  Class: sky130_fd_sc_hd__and4bb_1 instances:  18
  Class: sky130_fd_sc_hd__or2b_4 instances:   2
  Class: sky130_fd_sc_hd__and4bb_2 instances:   4
  Class: sky130_fd_sc_hd__and4bb_4 instances:   2
  Class: sky130_fd_sc_hd__nor2_1 instances:  35
  Class: sky130_fd_sc_hd__nor2_2 instances:  12
  Class: sky130_fd_sc_hd__nor2_4 instances:   7
  Class: sky130_fd_sc_hd__nor2_8 instances:   4
Circuit contains 3112 nets, and 4 disconnected pins.
Contents of circuit 2:  Circuit: 'hp35_core'
Circuit hp35_core contains 42840 device instances.
  Class: sky130_fd_sc_hd__o2111ai_1 instances:   2
  Class: sky130_fd_sc_hd__o2111ai_2 instances:   1
  Class: sky130_fd_sc_hd__a41o_1 instances:   2
  Class: sky130_fd_sc_hd__o2111ai_4 instances:   1
  Class: sky130_fd_sc_hd__a41o_2 instances:   2
  Class: sky130_fd_sc_hd__clkdlybuf4s25_1 instances:   3
  Class: sky130_fd_sc_hd__a31o_1 instances:  26
  Class: sky130_fd_sc_hd__a31o_2 instances:   1
  Class: sky130_fd_sc_hd__a31o_4 instances:   2
  Class: sky130_fd_sc_hd__a21o_1 instances:  10
  Class: sky130_fd_sc_hd__a21o_2 instances:   1
  Class: sky130_fd_sc_hd__clkbuf_16 instances:   4
  Class: sky130_fd_sc_hd__dfxtp_1 instances: 584
  Class: sky130_fd_sc_hd__dfxtp_2 instances:  47
  Class: sky130_fd_sc_hd__dfxtp_4 instances:  35
  Class: sky130_fd_sc_hd__o31ai_1 instances:   3
  Class: sky130_fd_sc_hd__a32oi_4 instances:   2
  Class: sky130_fd_sc_hd__o31ai_4 instances:   1
  Class: sky130_fd_sc_hd__or4_1 instances:  31
  Class: sky130_fd_sc_hd__or4_2 instances:   3
  Class: sky130_fd_sc_hd__or4_4 instances:   7
  Class: sky130_fd_sc_hd__a31oi_2 instances:   2
  Class: sky130_fd_sc_hd__nand4_1 instances:   3
  Class: sky130_fd_sc_hd__a31oi_4 instances:   3
  Class: sky130_fd_sc_hd__nand4_2 instances:   5
  Class: sky130_fd_sc_hd__buf_2 instances: 102
  Class: sky130_fd_sc_hd__nand4_4 instances:  14
  Class: sky130_fd_sc_hd__buf_4 instances:  45
  Class: sky130_fd_sc_hd__buf_6 instances:  24
  Class: sky130_fd_sc_hd__buf_8 instances:  16
  Class: sky130_fd_sc_hd__a2bb2o_1 instances:  14
  Class: sky130_fd_sc_hd__and3b_1 instances:   8
  Class: sky130_fd_sc_hd__and3b_2 instances:   1
  Class: sky130_fd_sc_hd__xor2_1 instances:   2
  Class: sky130_fd_sc_hd__xor2_4 instances:   1
  Class: sky130_fd_sc_hd__o221ai_4 instances:   1
  Class: sky130_fd_sc_hd__dfstp_2 instances:   1
  Class: sky130_fd_sc_hd__dfrtp_1 instances:   9
  Class: sky130_fd_sc_hd__dfrtp_2 instances:   4
  Class: sky130_fd_sc_hd__dfrtp_4 instances:  51
  Class: sky130_fd_sc_hd__and4_1 instances:  23
  Class: sky130_fd_sc_hd__and4_2 instances:   7
  Class: sky130_fd_sc_hd__and4_4 instances:   5
  Class: sky130_fd_sc_hd__inv_2 instances:  94
  Class: sky130_fd_sc_hd__inv_4 instances:   1
  Class: sky130_fd_sc_hd__clkbuf_1 instances: 534
  Class: sky130_fd_sc_hd__clkbuf_2 instances:  14
  Class: sky130_fd_sc_hd__clkbuf_4 instances:  36
  Class: sky130_fd_sc_hd__clkbuf_8 instances:   4
  Class: sky130_fd_sc_hd__or3_1 instances:   7
  Class: sky130_fd_sc_hd__or3_2 instances:   3
  Class: sky130_fd_sc_hd__nand3_1 instances:   7
  Class: sky130_fd_sc_hd__nand3_2 instances:   5
  Class: sky130_fd_sc_hd__nand3_4 instances:   5
  Class: sky130_fd_sc_hd__o21ba_1 instances:   1
  Class: sky130_fd_sc_hd__and2b_1 instances:   7
  Class: sky130_fd_sc_hd__and2b_2 instances:   3
  Class: sky130_fd_sc_hd__a21boi_1 instances:   3
  Class: sky130_fd_sc_hd__a21boi_4 instances:   2
  Class: sky130_fd_sc_hd__nand4b_2 instances:   3
  Class: sky130_fd_sc_hd__nand4b_4 instances:   3
  Class: sky130_fd_sc_hd__buf_12 instances:  30
  Class: sky130_fd_sc_hd__a21bo_1 instances:   3
  Class: sky130_fd_sc_hd__a221oi_1 instances:   1
  Class: sky130_fd_sc_hd__clkinv_2 instances:   4
  Class: sky130_fd_sc_hd__clkinv_4 instances:   4
  Class: sky130_fd_sc_hd__and3_1 instances:  55
  Class: sky130_fd_sc_hd__and3_2 instances:   9
  Class: sky130_fd_sc_hd__and3_4 instances:   5
  Class: sky130_fd_sc_hd__clkdlybuf4s50_1 instances:   1
  Class: sky130_fd_sc_hd__decap_3 instances: 1517
  Class: sky130_fd_sc_hd__decap_4 instances: 1071
  Class: sky130_fd_sc_hd__decap_6 instances: 3436
  Class: sky130_fd_sc_hd__decap_8 instances: 1248
  Class: sky130_fd_sc_hd__or2_1 instances: 266
  Class: sky130_fd_sc_hd__or2_2 instances:   3
  Class: sky130_fd_sc_hd__or2_4 instances:   2
  Class: sky130_fd_sc_hd__nand2_1 instances:  40
  Class: sky130_fd_sc_hd__nand2_2 instances:   8
  Class: sky130_fd_sc_hd__nand2_4 instances:   1
  Class: sky130_fd_sc_hd__nor4b_1 instances:   4
  Class: sky130_fd_sc_hd__nor4b_2 instances:   2
  Class: sky130_fd_sc_hd__nand2_8 instances:   2
  Class: sky130_fd_sc_hd__nor4b_4 instances:   2
  Class: sky130_fd_sc_hd__nand3b_1 instances:   4
  Class: sky130_fd_sc_hd__mux2_1 instances: 148
  Class: sky130_fd_sc_hd__mux2_2 instances:   2
  Class: sky130_fd_sc_hd__nand3b_4 instances:   3
  Class: sky130_fd_sc_hd__mux2_4 instances:   1
  Class: sky130_fd_sc_hd__o2bb2ai_2 instances:   1
  Class: sky130_fd_sc_hd__o2bb2ai_4 instances:   3
  Class: sky130_fd_sc_hd__a211oi_1 instances:   7
  Class: sky130_fd_sc_hd__and2_1 instances: 129
  Class: sky130_fd_sc_hd__a211oi_2 instances:   3
  Class: sky130_fd_sc_hd__and2_2 instances:   1
  Class: sky130_fd_sc_hd__and2_4 instances:   1
  Class: sky130_fd_sc_hd__or4b_1 instances:  13
  Class: sky130_fd_sc_hd__or4b_2 instances:   2
  Class: sky130_fd_sc_hd__or4b_4 instances:   3
  Class: sky130_fd_sc_hd__nor4_1 instances:  20
  Class: sky130_fd_sc_hd__nor4_2 instances:   9
  Class: sky130_fd_sc_hd__nor4_4 instances:  23
  Class: sky130_fd_sc_hd__inv_12 instances:   1
  Class: sky130_fd_sc_hd__o22a_1 instances:   9
  Class: sky130_fd_sc_hd__xnor2_1 instances:   2
  Class: sky130_fd_sc_hd__nor3b_1 instances:   2
  Class: sky130_fd_sc_hd__nor3b_2 instances:   1
  Class: sky130_fd_sc_hd__o221a_1 instances:   1
  Class: sky130_fd_sc_hd__o221a_4 instances:   1
  Class: sky130_fd_sc_hd__o21bai_1 instances:   2
  Class: sky130_fd_sc_hd__o21bai_4 instances:   2
  Class: sky130_fd_sc_hd__o211a_1 instances:  25
  Class: sky130_fd_sc_hd__o211a_2 instances:   2
  Class: sky130_fd_sc_hd__a311oi_1 instances:   3
  Class: sky130_fd_sc_hd__nand2b_4 instances:   1
  Class: sky130_fd_sc_hd__diode_2 instances: 2999
  Class: sky130_fd_sc_hd__a311oi_4 instances:   1
  Class: sky130_fd_sc_hd__a221o_1 instances:  12
  Class: sky130_fd_sc_hd__a211o_1 instances:   5
  Class: sky130_fd_sc_hd__a211o_2 instances:   1
  Class: sky130_fd_sc_hd__a211o_4 instances:   3
  Class: sky130_fd_sc_hd__o2111a_1 instances:   1
  Class: sky130_fd_sc_hd__or3b_1 instances:   5
  Class: sky130_fd_sc_hd__or3b_2 instances:   1
  Class: sky130_fd_sc_hd__dlymetal6s2s_1 instances:   6
  Class: sky130_fd_sc_hd__or4bb_1 instances:   5
  Class: sky130_fd_sc_hd__nor3_1 instances:   9
  Class: sky130_fd_sc_hd__nor3_2 instances:   3
  Class: sky130_fd_sc_hd__nor3_4 instances:   6
  Class: sky130_fd_sc_hd__a32o_1 instances:  29
  Class: sky130_fd_sc_hd__a32o_2 instances:   1
  Class: sky130_fd_sc_hd__a22o_1 instances:  16
  Class: sky130_fd_sc_hd__a22o_4 instances:   1
  Class: sky130_fd_sc_hd__o31a_1 instances:   7
  Class: sky130_fd_sc_hd__o2bb2a_1 instances:   2
  Class: sky130_fd_sc_hd__o21a_1 instances:  19
  Class: sky130_fd_sc_hd__o21a_2 instances:   4
  Class: sky130_fd_sc_hd__o22ai_1 instances:   1
  Class: sky130_fd_sc_hd__o22ai_2 instances:   1
  Class: sky130_fd_sc_hd__o22ai_4 instances:   2
  Class: sky130_fd_sc_hd__a22oi_1 instances:   4
  Class: sky130_fd_sc_hd__and4b_1 instances:  29
  Class: sky130_fd_sc_hd__and4b_2 instances:   1
  Class: sky130_fd_sc_hd__o21ai_1 instances:  17
  Class: sky130_fd_sc_hd__a22oi_4 instances:   1
  Class: sky130_fd_sc_hd__o21ai_2 instances:   6
  Class: sky130_fd_sc_hd__tapvpwrvgnd_1 instances: 5415
  Class: sky130_fd_sc_hd__and4b_4 instances:   2
  Class: sky130_fd_sc_hd__o21ai_4 instances:   5
  Class: sky130_fd_sc_hd__a21oi_1 instances:  20
  Class: sky130_fd_sc_hd__a21oi_2 instances:   3
  Class: sky130_fd_sc_hd__a311o_1 instances:   4
  Class: sky130_fd_sc_hd__a21oi_4 instances:   5
  Class: sky130_fd_sc_hd__a311o_2 instances:   1
  Class: sky130_fd_sc_hd__fill_1 instances: 5074
  Class: sky130_fd_sc_hd__fill_2 instances: 715
  Class: sky130_fd_sc_hd__o211ai_1 instances:   3
  Class: sky130_fd_sc_hd__o211ai_2 instances:   1
  Class: sky130_fd_sc_hd__decap_12 instances: 18316
  Class: sky130_fd_sc_hd__o211ai_4 instances:   6
  Class: sky130_fd_sc_hd__clkinv_16 instances:   2
  Class: sky130_fd_sc_hd__or2b_1 instances:   5
  Class: sky130_fd_sc_hd__or2b_2 instances:   1
  Class: sky130_fd_sc_hd__and4bb_1 instances:  18
  Class: sky130_fd_sc_hd__and4bb_2 instances:   4
  Class: sky130_fd_sc_hd__or2b_4 instances:   2
  Class: sky130_fd_sc_hd__and4bb_4 instances:   2
  Class: sky130_fd_sc_hd__nor2_1 instances:  35
  Class: sky130_fd_sc_hd__nor2_2 instances:  12
  Class: sky130_fd_sc_hd__nor2_4 instances:   7
  Class: sky130_fd_sc_hd__nor2_8 instances:   4
Circuit contains 3112 nets, and 4 disconnected pins.

Circuit was modified by parallel/series device merging.
New circuit summary:

Contents of circuit 1:  Circuit: 'hp35_core'
Circuit hp35_core contains 3574 device instances.
  Class: sky130_fd_sc_hd__o2111ai_1 instances:   2
  Class: sky130_fd_sc_hd__o2111ai_2 instances:   1
  Class: sky130_fd_sc_hd__o2111ai_4 instances:   1
  Class: sky130_fd_sc_hd__a41o_1 instances:   2
  Class: sky130_fd_sc_hd__a41o_2 instances:   2
  Class: sky130_fd_sc_hd__clkdlybuf4s25_1 instances:   3
  Class: sky130_fd_sc_hd__a31o_1 instances:  26
  Class: sky130_fd_sc_hd__a31o_2 instances:   1
  Class: sky130_fd_sc_hd__a31o_4 instances:   2
  Class: sky130_fd_sc_hd__a21o_1 instances:  10
  Class: sky130_fd_sc_hd__a21o_2 instances:   1
  Class: sky130_fd_sc_hd__clkbuf_16 instances:   4
  Class: sky130_fd_sc_hd__dfxtp_1 instances: 584
  Class: sky130_fd_sc_hd__dfxtp_2 instances:  47
  Class: sky130_fd_sc_hd__a32oi_4 instances:   2
  Class: sky130_fd_sc_hd__o31ai_1 instances:   3
  Class: sky130_fd_sc_hd__dfxtp_4 instances:  35
  Class: sky130_fd_sc_hd__o31ai_4 instances:   1
  Class: sky130_fd_sc_hd__or4_1 instances:  31
  Class: sky130_fd_sc_hd__or4_2 instances:   3
  Class: sky130_fd_sc_hd__or4_4 instances:   7
  Class: sky130_fd_sc_hd__a31oi_2 instances:   2
  Class: sky130_fd_sc_hd__nand4_1 instances:   3
  Class: sky130_fd_sc_hd__nand4_2 instances:   5
  Class: sky130_fd_sc_hd__a31oi_4 instances:   3
  Class: sky130_fd_sc_hd__buf_2 instances: 102
  Class: sky130_fd_sc_hd__nand4_4 instances:  14
  Class: sky130_fd_sc_hd__buf_4 instances:  45
  Class: sky130_fd_sc_hd__buf_6 instances:  24
  Class: sky130_fd_sc_hd__buf_8 instances:  16
  Class: sky130_fd_sc_hd__a2bb2o_1 instances:  14
  Class: sky130_fd_sc_hd__and3b_1 instances:   8
  Class: sky130_fd_sc_hd__and3b_2 instances:   1
  Class: sky130_fd_sc_hd__xor2_1 instances:   2
  Class: sky130_fd_sc_hd__xor2_4 instances:   1
  Class: sky130_fd_sc_hd__o221ai_4 instances:   1
  Class: sky130_fd_sc_hd__dfstp_2 instances:   1
  Class: sky130_fd_sc_hd__dfrtp_1 instances:   9
  Class: sky130_fd_sc_hd__dfrtp_2 instances:   4
  Class: sky130_fd_sc_hd__dfrtp_4 instances:  51
  Class: sky130_fd_sc_hd__and4_1 instances:  23
  Class: sky130_fd_sc_hd__and4_2 instances:   7
  Class: sky130_fd_sc_hd__and4_4 instances:   5
  Class: sky130_fd_sc_hd__inv_2 instances:  94
  Class: sky130_fd_sc_hd__inv_4 instances:   1
  Class: sky130_fd_sc_hd__clkbuf_1 instances: 534
  Class: sky130_fd_sc_hd__clkbuf_2 instances:  14
  Class: sky130_fd_sc_hd__clkbuf_4 instances:  36
  Class: sky130_fd_sc_hd__clkbuf_8 instances:   4
  Class: sky130_fd_sc_hd__or3_1 instances:   7
  Class: sky130_fd_sc_hd__or3_2 instances:   3
  Class: sky130_fd_sc_hd__nand3_1 instances:   7
  Class: sky130_fd_sc_hd__nand3_2 instances:   5
  Class: sky130_fd_sc_hd__nand3_4 instances:   5
  Class: sky130_fd_sc_hd__o21ba_1 instances:   1
  Class: sky130_fd_sc_hd__and2b_1 instances:   7
  Class: sky130_fd_sc_hd__and2b_2 instances:   3
  Class: sky130_fd_sc_hd__a21boi_1 instances:   3
  Class: sky130_fd_sc_hd__a21boi_4 instances:   2
  Class: sky130_fd_sc_hd__nand4b_2 instances:   3
  Class: sky130_fd_sc_hd__nand4b_4 instances:   3
  Class: sky130_fd_sc_hd__buf_12 instances:  30
  Class: sky130_fd_sc_hd__a21bo_1 instances:   3
  Class: sky130_fd_sc_hd__a221oi_1 instances:   1
  Class: sky130_fd_sc_hd__clkinv_2 instances:   4
  Class: sky130_fd_sc_hd__clkinv_4 instances:   4
  Class: sky130_fd_sc_hd__and3_1 instances:  55
  Class: sky130_fd_sc_hd__and3_2 instances:   9
  Class: sky130_fd_sc_hd__and3_4 instances:   5
  Class: sky130_fd_sc_hd__clkdlybuf4s50_1 instances:   1
  Class: sky130_fd_sc_hd__decap_3 instances:   1
  Class: sky130_fd_sc_hd__decap_4 instances:   1
  Class: sky130_fd_sc_hd__decap_6 instances:   1
  Class: sky130_fd_sc_hd__decap_8 instances:   1
  Class: sky130_fd_sc_hd__or2_1 instances: 266
  Class: sky130_fd_sc_hd__or2_2 instances:   3
  Class: sky130_fd_sc_hd__or2_4 instances:   2
  Class: sky130_fd_sc_hd__nand2_1 instances:  40
  Class: sky130_fd_sc_hd__nand2_2 instances:   8
  Class: sky130_fd_sc_hd__nand2_4 instances:   1
  Class: sky130_fd_sc_hd__nor4b_1 instances:   4
  Class: sky130_fd_sc_hd__nor4b_2 instances:   2
  Class: sky130_fd_sc_hd__nand2_8 instances:   2
  Class: sky130_fd_sc_hd__nor4b_4 instances:   2
  Class: sky130_fd_sc_hd__nand3b_1 instances:   4
  Class: sky130_fd_sc_hd__mux2_1 instances: 148
  Class: sky130_fd_sc_hd__mux2_2 instances:   2
  Class: sky130_fd_sc_hd__nand3b_4 instances:   3
  Class: sky130_fd_sc_hd__mux2_4 instances:   1
  Class: sky130_fd_sc_hd__o2bb2ai_2 instances:   1
  Class: sky130_fd_sc_hd__o2bb2ai_4 instances:   3
  Class: sky130_fd_sc_hd__a211oi_1 instances:   7
  Class: sky130_fd_sc_hd__and2_1 instances: 129
  Class: sky130_fd_sc_hd__and2_2 instances:   1
  Class: sky130_fd_sc_hd__a211oi_2 instances:   3
  Class: sky130_fd_sc_hd__and2_4 instances:   1
  Class: sky130_fd_sc_hd__or4b_1 instances:  13
  Class: sky130_fd_sc_hd__or4b_2 instances:   2
  Class: sky130_fd_sc_hd__or4b_4 instances:   3
  Class: sky130_fd_sc_hd__nor4_1 instances:  20
  Class: sky130_fd_sc_hd__nor4_2 instances:   9
  Class: sky130_fd_sc_hd__nor4_4 instances:  23
  Class: sky130_fd_sc_hd__inv_12 instances:   1
  Class: sky130_fd_sc_hd__o22a_1 instances:   9
  Class: sky130_fd_sc_hd__xnor2_1 instances:   2
  Class: sky130_fd_sc_hd__nor3b_1 instances:   2
  Class: sky130_fd_sc_hd__nor3b_2 instances:   1
  Class: sky130_fd_sc_hd__o221a_1 instances:   1
  Class: sky130_fd_sc_hd__o221a_4 instances:   1
  Class: sky130_fd_sc_hd__o21bai_1 instances:   2
  Class: sky130_fd_sc_hd__o21bai_4 instances:   2
  Class: sky130_fd_sc_hd__o211a_1 instances:  25
  Class: sky130_fd_sc_hd__o211a_2 instances:   2
  Class: sky130_fd_sc_hd__nand2b_4 instances:   1
  Class: sky130_fd_sc_hd__a311oi_1 instances:   3
  Class: sky130_fd_sc_hd__diode_2 instances: 517
  Class: sky130_fd_sc_hd__a311oi_4 instances:   1
  Class: sky130_fd_sc_hd__a221o_1 instances:  12
  Class: sky130_fd_sc_hd__a211o_1 instances:   5
  Class: sky130_fd_sc_hd__a211o_2 instances:   1
  Class: sky130_fd_sc_hd__a211o_4 instances:   3
  Class: sky130_fd_sc_hd__o2111a_1 instances:   1
  Class: sky130_fd_sc_hd__or3b_1 instances:   5
  Class: sky130_fd_sc_hd__or3b_2 instances:   1
  Class: sky130_fd_sc_hd__dlymetal6s2s_1 instances:   6
  Class: sky130_fd_sc_hd__or4bb_1 instances:   5
  Class: sky130_fd_sc_hd__nor3_1 instances:   9
  Class: sky130_fd_sc_hd__nor3_2 instances:   3
  Class: sky130_fd_sc_hd__nor3_4 instances:   6
  Class: sky130_fd_sc_hd__a32o_1 instances:  29
  Class: sky130_fd_sc_hd__a32o_2 instances:   1
  Class: sky130_fd_sc_hd__a22o_1 instances:  16
  Class: sky130_fd_sc_hd__a22o_4 instances:   1
  Class: sky130_fd_sc_hd__o31a_1 instances:   7
  Class: sky130_fd_sc_hd__o2bb2a_1 instances:   2
  Class: sky130_fd_sc_hd__o21a_1 instances:  19
  Class: sky130_fd_sc_hd__o21a_2 instances:   4
  Class: sky130_fd_sc_hd__o22ai_1 instances:   1
  Class: sky130_fd_sc_hd__o22ai_2 instances:   1
  Class: sky130_fd_sc_hd__o22ai_4 instances:   2
  Class: sky130_fd_sc_hd__a22oi_1 instances:   4
  Class: sky130_fd_sc_hd__and4b_1 instances:  29
  Class: sky130_fd_sc_hd__a22oi_4 instances:   1
  Class: sky130_fd_sc_hd__and4b_2 instances:   1
  Class: sky130_fd_sc_hd__o21ai_1 instances:  17
  Class: sky130_fd_sc_hd__o21ai_2 instances:   6
  Class: sky130_fd_sc_hd__tapvpwrvgnd_1 instances:   1
  Class: sky130_fd_sc_hd__and4b_4 instances:   2
  Class: sky130_fd_sc_hd__o21ai_4 instances:   5
  Class: sky130_fd_sc_hd__a21oi_1 instances:  20
  Class: sky130_fd_sc_hd__a21oi_2 instances:   3
  Class: sky130_fd_sc_hd__a21oi_4 instances:   5
  Class: sky130_fd_sc_hd__a311o_1 instances:   4
  Class: sky130_fd_sc_hd__a311o_2 instances:   1
  Class: sky130_fd_sc_hd__fill_1 instances:   1
  Class: sky130_fd_sc_hd__fill_2 instances:   1
  Class: sky130_fd_sc_hd__o211ai_1 instances:   3
  Class: sky130_fd_sc_hd__o211ai_2 instances:   1
  Class: sky130_fd_sc_hd__decap_12 instances:   1
  Class: sky130_fd_sc_hd__o211ai_4 instances:   6
  Class: sky130_fd_sc_hd__clkinv_16 instances:   2
  Class: sky130_fd_sc_hd__or2b_1 instances:   5
  Class: sky130_fd_sc_hd__or2b_2 instances:   1
  Class: sky130_fd_sc_hd__and4bb_1 instances:  18
  Class: sky130_fd_sc_hd__or2b_4 instances:   2
  Class: sky130_fd_sc_hd__and4bb_2 instances:   4
  Class: sky130_fd_sc_hd__and4bb_4 instances:   2
  Class: sky130_fd_sc_hd__nor2_1 instances:  35
  Class: sky130_fd_sc_hd__nor2_2 instances:  12
  Class: sky130_fd_sc_hd__nor2_4 instances:   7
  Class: sky130_fd_sc_hd__nor2_8 instances:   4
Circuit contains 3112 nets, and 4 disconnected pins.
Contents of circuit 2:  Circuit: 'hp35_core'
Circuit hp35_core contains 3574 device instances.
  Class: sky130_fd_sc_hd__o2111ai_1 instances:   2
  Class: sky130_fd_sc_hd__o2111ai_2 instances:   1
  Class: sky130_fd_sc_hd__a41o_1 instances:   2
  Class: sky130_fd_sc_hd__o2111ai_4 instances:   1
  Class: sky130_fd_sc_hd__a41o_2 instances:   2
  Class: sky130_fd_sc_hd__clkdlybuf4s25_1 instances:   3
  Class: sky130_fd_sc_hd__a31o_1 instances:  26
  Class: sky130_fd_sc_hd__a31o_2 instances:   1
  Class: sky130_fd_sc_hd__a31o_4 instances:   2
  Class: sky130_fd_sc_hd__a21o_1 instances:  10
  Class: sky130_fd_sc_hd__a21o_2 instances:   1
  Class: sky130_fd_sc_hd__clkbuf_16 instances:   4
  Class: sky130_fd_sc_hd__dfxtp_1 instances: 584
  Class: sky130_fd_sc_hd__dfxtp_2 instances:  47
  Class: sky130_fd_sc_hd__dfxtp_4 instances:  35
  Class: sky130_fd_sc_hd__o31ai_1 instances:   3
  Class: sky130_fd_sc_hd__a32oi_4 instances:   2
  Class: sky130_fd_sc_hd__o31ai_4 instances:   1
  Class: sky130_fd_sc_hd__or4_1 instances:  31
  Class: sky130_fd_sc_hd__or4_2 instances:   3
  Class: sky130_fd_sc_hd__or4_4 instances:   7
  Class: sky130_fd_sc_hd__a31oi_2 instances:   2
  Class: sky130_fd_sc_hd__nand4_1 instances:   3
  Class: sky130_fd_sc_hd__a31oi_4 instances:   3
  Class: sky130_fd_sc_hd__nand4_2 instances:   5
  Class: sky130_fd_sc_hd__buf_2 instances: 102
  Class: sky130_fd_sc_hd__nand4_4 instances:  14
  Class: sky130_fd_sc_hd__buf_4 instances:  45
  Class: sky130_fd_sc_hd__buf_6 instances:  24
  Class: sky130_fd_sc_hd__buf_8 instances:  16
  Class: sky130_fd_sc_hd__a2bb2o_1 instances:  14
  Class: sky130_fd_sc_hd__and3b_1 instances:   8
  Class: sky130_fd_sc_hd__and3b_2 instances:   1
  Class: sky130_fd_sc_hd__xor2_1 instances:   2
  Class: sky130_fd_sc_hd__xor2_4 instances:   1
  Class: sky130_fd_sc_hd__o221ai_4 instances:   1
  Class: sky130_fd_sc_hd__dfstp_2 instances:   1
  Class: sky130_fd_sc_hd__dfrtp_1 instances:   9
  Class: sky130_fd_sc_hd__dfrtp_2 instances:   4
  Class: sky130_fd_sc_hd__dfrtp_4 instances:  51
  Class: sky130_fd_sc_hd__and4_1 instances:  23
  Class: sky130_fd_sc_hd__and4_2 instances:   7
  Class: sky130_fd_sc_hd__and4_4 instances:   5
  Class: sky130_fd_sc_hd__inv_2 instances:  94
  Class: sky130_fd_sc_hd__inv_4 instances:   1
  Class: sky130_fd_sc_hd__clkbuf_1 instances: 534
  Class: sky130_fd_sc_hd__clkbuf_2 instances:  14
  Class: sky130_fd_sc_hd__clkbuf_4 instances:  36
  Class: sky130_fd_sc_hd__clkbuf_8 instances:   4
  Class: sky130_fd_sc_hd__or3_1 instances:   7
  Class: sky130_fd_sc_hd__or3_2 instances:   3
  Class: sky130_fd_sc_hd__nand3_1 instances:   7
  Class: sky130_fd_sc_hd__nand3_2 instances:   5
  Class: sky130_fd_sc_hd__nand3_4 instances:   5
  Class: sky130_fd_sc_hd__o21ba_1 instances:   1
  Class: sky130_fd_sc_hd__and2b_1 instances:   7
  Class: sky130_fd_sc_hd__and2b_2 instances:   3
  Class: sky130_fd_sc_hd__a21boi_1 instances:   3
  Class: sky130_fd_sc_hd__a21boi_4 instances:   2
  Class: sky130_fd_sc_hd__nand4b_2 instances:   3
  Class: sky130_fd_sc_hd__nand4b_4 instances:   3
  Class: sky130_fd_sc_hd__buf_12 instances:  30
  Class: sky130_fd_sc_hd__a21bo_1 instances:   3
  Class: sky130_fd_sc_hd__a221oi_1 instances:   1
  Class: sky130_fd_sc_hd__clkinv_2 instances:   4
  Class: sky130_fd_sc_hd__clkinv_4 instances:   4
  Class: sky130_fd_sc_hd__and3_1 instances:  55
  Class: sky130_fd_sc_hd__and3_2 instances:   9
  Class: sky130_fd_sc_hd__and3_4 instances:   5
  Class: sky130_fd_sc_hd__clkdlybuf4s50_1 instances:   1
  Class: sky130_fd_sc_hd__decap_3 instances:   1
  Class: sky130_fd_sc_hd__decap_4 instances:   1
  Class: sky130_fd_sc_hd__decap_6 instances:   1
  Class: sky130_fd_sc_hd__decap_8 instances:   1
  Class: sky130_fd_sc_hd__or2_1 instances: 266
  Class: sky130_fd_sc_hd__or2_2 instances:   3
  Class: sky130_fd_sc_hd__or2_4 instances:   2
  Class: sky130_fd_sc_hd__nand2_1 instances:  40
  Class: sky130_fd_sc_hd__nand2_2 instances:   8
  Class: sky130_fd_sc_hd__nand2_4 instances:   1
  Class: sky130_fd_sc_hd__nor4b_1 instances:   4
  Class: sky130_fd_sc_hd__nor4b_2 instances:   2
  Class: sky130_fd_sc_hd__nand2_8 instances:   2
  Class: sky130_fd_sc_hd__nor4b_4 instances:   2
  Class: sky130_fd_sc_hd__nand3b_1 instances:   4
  Class: sky130_fd_sc_hd__mux2_1 instances: 148
  Class: sky130_fd_sc_hd__mux2_2 instances:   2
  Class: sky130_fd_sc_hd__nand3b_4 instances:   3
  Class: sky130_fd_sc_hd__mux2_4 instances:   1
  Class: sky130_fd_sc_hd__o2bb2ai_2 instances:   1
  Class: sky130_fd_sc_hd__o2bb2ai_4 instances:   3
  Class: sky130_fd_sc_hd__a211oi_1 instances:   7
  Class: sky130_fd_sc_hd__and2_1 instances: 129
  Class: sky130_fd_sc_hd__a211oi_2 instances:   3
  Class: sky130_fd_sc_hd__and2_2 instances:   1
  Class: sky130_fd_sc_hd__and2_4 instances:   1
  Class: sky130_fd_sc_hd__or4b_1 instances:  13
  Class: sky130_fd_sc_hd__or4b_2 instances:   2
  Class: sky130_fd_sc_hd__or4b_4 instances:   3
  Class: sky130_fd_sc_hd__nor4_1 instances:  20
  Class: sky130_fd_sc_hd__nor4_2 instances:   9
  Class: sky130_fd_sc_hd__nor4_4 instances:  23
  Class: sky130_fd_sc_hd__inv_12 instances:   1
  Class: sky130_fd_sc_hd__o22a_1 instances:   9
  Class: sky130_fd_sc_hd__xnor2_1 instances:   2
  Class: sky130_fd_sc_hd__nor3b_1 instances:   2
  Class: sky130_fd_sc_hd__nor3b_2 instances:   1
  Class: sky130_fd_sc_hd__o221a_1 instances:   1
  Class: sky130_fd_sc_hd__o221a_4 instances:   1
  Class: sky130_fd_sc_hd__o21bai_1 instances:   2
  Class: sky130_fd_sc_hd__o21bai_4 instances:   2
  Class: sky130_fd_sc_hd__o211a_1 instances:  25
  Class: sky130_fd_sc_hd__o211a_2 instances:   2
  Class: sky130_fd_sc_hd__a311oi_1 instances:   3
  Class: sky130_fd_sc_hd__nand2b_4 instances:   1
  Class: sky130_fd_sc_hd__diode_2 instances: 517
  Class: sky130_fd_sc_hd__a311oi_4 instances:   1
  Class: sky130_fd_sc_hd__a221o_1 instances:  12
  Class: sky130_fd_sc_hd__a211o_1 instances:   5
  Class: sky130_fd_sc_hd__a211o_2 instances:   1
  Class: sky130_fd_sc_hd__a211o_4 instances:   3
  Class: sky130_fd_sc_hd__o2111a_1 instances:   1
  Class: sky130_fd_sc_hd__or3b_1 instances:   5
  Class: sky130_fd_sc_hd__or3b_2 instances:   1
  Class: sky130_fd_sc_hd__dlymetal6s2s_1 instances:   6
  Class: sky130_fd_sc_hd__or4bb_1 instances:   5
  Class: sky130_fd_sc_hd__nor3_1 instances:   9
  Class: sky130_fd_sc_hd__nor3_2 instances:   3
  Class: sky130_fd_sc_hd__nor3_4 instances:   6
  Class: sky130_fd_sc_hd__a32o_1 instances:  29
  Class: sky130_fd_sc_hd__a32o_2 instances:   1
  Class: sky130_fd_sc_hd__a22o_1 instances:  16
  Class: sky130_fd_sc_hd__a22o_4 instances:   1
  Class: sky130_fd_sc_hd__o31a_1 instances:   7
  Class: sky130_fd_sc_hd__o2bb2a_1 instances:   2
  Class: sky130_fd_sc_hd__o21a_1 instances:  19
  Class: sky130_fd_sc_hd__o21a_2 instances:   4
  Class: sky130_fd_sc_hd__o22ai_1 instances:   1
  Class: sky130_fd_sc_hd__o22ai_2 instances:   1
  Class: sky130_fd_sc_hd__o22ai_4 instances:   2
  Class: sky130_fd_sc_hd__a22oi_1 instances:   4
  Class: sky130_fd_sc_hd__and4b_1 instances:  29
  Class: sky130_fd_sc_hd__and4b_2 instances:   1
  Class: sky130_fd_sc_hd__o21ai_1 instances:  17
  Class: sky130_fd_sc_hd__a22oi_4 instances:   1
  Class: sky130_fd_sc_hd__o21ai_2 instances:   6
  Class: sky130_fd_sc_hd__tapvpwrvgnd_1 instances:   1
  Class: sky130_fd_sc_hd__and4b_4 instances:   2
  Class: sky130_fd_sc_hd__o21ai_4 instances:   5
  Class: sky130_fd_sc_hd__a21oi_1 instances:  20
  Class: sky130_fd_sc_hd__a21oi_2 instances:   3
  Class: sky130_fd_sc_hd__a311o_1 instances:   4
  Class: sky130_fd_sc_hd__a21oi_4 instances:   5
  Class: sky130_fd_sc_hd__a311o_2 instances:   1
  Class: sky130_fd_sc_hd__fill_1 instances:   1
  Class: sky130_fd_sc_hd__fill_2 instances:   1
  Class: sky130_fd_sc_hd__o211ai_1 instances:   3
  Class: sky130_fd_sc_hd__o211ai_2 instances:   1
  Class: sky130_fd_sc_hd__decap_12 instances:   1
  Class: sky130_fd_sc_hd__o211ai_4 instances:   6
  Class: sky130_fd_sc_hd__clkinv_16 instances:   2
  Class: sky130_fd_sc_hd__or2b_1 instances:   5
  Class: sky130_fd_sc_hd__or2b_2 instances:   1
  Class: sky130_fd_sc_hd__and4bb_1 instances:  18
  Class: sky130_fd_sc_hd__and4bb_2 instances:   4
  Class: sky130_fd_sc_hd__or2b_4 instances:   2
  Class: sky130_fd_sc_hd__and4bb_4 instances:   2
  Class: sky130_fd_sc_hd__nor2_1 instances:  35
  Class: sky130_fd_sc_hd__nor2_2 instances:  12
  Class: sky130_fd_sc_hd__nor2_4 instances:   7
  Class: sky130_fd_sc_hd__nor2_8 instances:   4
Circuit contains 3112 nets, and 4 disconnected pins.

Circuit 1 contains 3574 devices, Circuit 2 contains 3574 devices.
Circuit 1 contains 3112 nets,    Circuit 2 contains 3112 nets.

Netlists match uniquely.
Result: Circuits match uniquely.
Logging to file "./verilog/gl/hp35_core.v_comp.out" disabled
LVS Done.
